<?xml version="1.0" encoding="UTF-8"?>
<!-- Generated by org.testng.reporters.JUnitReportReporter -->
<testsuite hostname="VENKY" failures="0" tests="1" name="com.automationexercise.tests.TestCase20" time="10.706" errors="0" timestamp="2025-09-11T11:30:26 IST" skipped="0">
  <testcase classname="com.automationexercise.tests.TestCase20" name="testSearchAddToCartAndLogin" time="10.706"/>
</testsuite> <!-- com.automationexercise.tests.TestCase20 -->
