<?xml version="1.0" encoding="UTF-8"?>
<!-- Generated by org.testng.reporters.JUnitReportReporter -->
<testsuite hostname="VENKY" failures="0" tests="1" name="com.automationexercise.tests.TestCase15" time="40.090" errors="0" timestamp="2025-09-09T14:01:07 IST" skipped="0">
  <testcase classname="com.automationexercise.tests.TestCase15" name="placeOrderLoginBeforeCheckoyt" time="40.090"/>
</testsuite> <!-- com.automationexercise.tests.TestCase15 -->
