<?xml version="1.0" encoding="UTF-8"?>
<!-- Generated by org.testng.reporters.JUnitReportReporter -->
<testsuite hostname="VENKY" failures="0" tests="1" name="com.automationexercise.tests.TestCase19" time="22.949" errors="0" timestamp="2025-09-09T12:43:25 IST" skipped="0">
  <testcase classname="com.automationexercise.tests.TestCase19" name="viewCartBrandProducts" time="22.949"/>
</testsuite> <!-- com.automationexercise.tests.TestCase19 -->
