<?xml version="1.0" encoding="UTF-8"?>
<!-- Generated by org.testng.reporters.JUnitReportReporter -->
<testsuite hostname="VENKY" failures="0" tests="1" name="com.automationexercise.tests.TestCase23" time="64.798" errors="0" timestamp="2025-09-11T11:42:43 IST" skipped="0">
  <testcase classname="com.automationexercise.tests.TestCase23" name="testAddressInCheckoutPage" time="64.798"/>
</testsuite> <!-- com.automationexercise.tests.TestCase23 -->
