<?xml version="1.0" encoding="UTF-8"?>
<!-- Generated by org.testng.reporters.JUnitReportReporter -->
<testsuite hostname="VENKY" failures="0" tests="1" name="com.automationexercise.tests.TestCase5" time="9.893" errors="0" timestamp="2025-09-11T11:52:38 IST" skipped="0">
  <testcase classname="com.automationexercise.tests.TestCase5" name="testSignupWithExistingEmail" time="9.893"/>
</testsuite> <!-- com.automationexercise.tests.TestCase5 -->
