<?xml version="1.0" encoding="UTF-8"?>
<!-- Generated by org.testng.reporters.JUnitReportReporter -->
<testsuite hostname="VENKY" failures="0" tests="1" name="com.automationexercise.tests.TestCase1" time="27.150" errors="0" timestamp="2025-09-08T17:07:53 IST" skipped="0">
  <testcase classname="com.automationexercise.tests.TestCase1" name="TC1_RegisterUser" time="27.150"/>
</testsuite> <!-- com.automationexercise.tests.TestCase1 -->
