<?xml version="1.0" encoding="UTF-8"?>
<!-- Generated by org.testng.reporters.JUnitReportReporter -->
<testsuite hostname="VENKY" failures="0" tests="1" name="com.automationexercise.tests.TestCase7" time="24.588" errors="0" timestamp="2025-09-08T10:17:25 IST" skipped="0">
  <testcase classname="com.automationexercise.tests.TestCase7" name="verifyTestCasePage" time="24.588"/>
</testsuite> <!-- com.automationexercise.tests.TestCase7 -->
