<?xml version="1.0" encoding="UTF-8"?>
<!-- Generated by org.testng.reporters.JUnitReportReporter -->
<testsuite hostname="VENKY" failures="0" tests="1" name="com.automationexercise.tests.TestCase8" time="98.417" errors="0" timestamp="2025-09-07T16:31:23 IST" skipped="0">
  <testcase classname="com.automationexercise.tests.TestCase8" name="verifyAllProductsAndProductDetailPage" time="98.417"/>
</testsuite> <!-- com.automationexercise.tests.TestCase8 -->
